{"C:\\Users\\surmaity\\VueProject\\tv-shows\\src\\App.vue": {"path":"C:\\Users\\surmaity\\VueProject\\tv-shows\\src\\App.vue","statementMap":{"0":{"start":{"line":10,"column":0},"end":{"line":10,"column":null}},"1":{"start":{"line":11,"column":0},"end":{"line":11,"column":null}}},"fnMap":{},"branchMap":{},"s":{"0":1,"1":1},"f":{},"b":{}}
,"C:\\Users\\surmaity\\VueProject\\tv-shows\\src\\components\\ErrorPage.vue": {"path":"C:\\Users\\surmaity\\VueProject\\tv-shows\\src\\components\\ErrorPage.vue","statementMap":{"0":{"start":{"line":13,"column":0},"end":{"line":13,"column":null}}},"fnMap":{"0":{"name":"(anonymous_1)","decl":{"start":{"line":12,"column":0},"end":{"line":12,"column":null}},"loc":{"start":{"line":12,"column":0},"end":{"line":14,"column":null}}}},"branchMap":{},"s":{"0":1},"f":{"0":1},"b":{}}
,"C:\\Users\\surmaity\\VueProject\\tv-shows\\src\\components\\ShowCard.vue": {"path":"C:\\Users\\surmaity\\VueProject\\tv-shows\\src\\components\\ShowCard.vue","statementMap":{"0":{"start":{"line":17,"column":0},"end":{"line":17,"column":null}},"1":{"start":{"line":18,"column":0},"end":{"line":18,"column":null}},"2":{"start":{"line":21,"column":0},"end":{"line":23,"column":null}},"3":{"start":{"line":22,"column":0},"end":{"line":22,"column":null}},"4":{"start":{"line":24,"column":0},"end":{"line":24,"column":null}}},"fnMap":{"0":{"name":"(anonymous_1)","decl":{"start":{"line":16,"column":0},"end":{"line":16,"column":null}},"loc":{"start":{"line":16,"column":0},"end":{"line":19,"column":null}}},"1":{"name":"(anonymous_2)","decl":{"start":{"line":20,"column":0},"end":{"line":20,"column":null}},"loc":{"start":{"line":20,"column":0},"end":{"line":25,"column":null}}}},"branchMap":{"0":{"loc":{"start":{"line":21,"column":0},"end":{"line":23,"column":null}},"type":"if","locations":[{"start":{"line":21,"column":0},"end":{"line":23,"column":null}},{"start":{"line":21,"column":0},"end":{"line":23,"column":null}}]}},"s":{"0":5,"1":5,"2":5,"3":4,"4":1},"f":{"0":5,"1":5},"b":{"0":[4,1]}}
,"C:\\Users\\surmaity\\VueProject\\tv-shows\\src\\router\\index.js": {"path":"C:\\Users\\surmaity\\VueProject\\tv-shows\\src\\router\\index.js","statementMap":{"0":{"start":{"line":9,"column":0},"end":{"line":9,"column":18}},"1":{"start":{"line":11,"column":22},"end":{"line":37,"column":1}},"2":{"start":{"line":39,"column":15},"end":{"line":43,"column":2}}},"fnMap":{},"branchMap":{},"s":{"0":2,"1":2,"2":2},"f":{},"b":{},"_coverageSchema":"43e27e138ebf9cfc5966b082cf9a028302ed4184","hash":"5c6acb6e7e305c3753448ef232bdf9545679a2b4"}
,"C:\\Users\\surmaity\\VueProject\\tv-shows\\src\\service\\service.js": {"path":"C:\\Users\\surmaity\\VueProject\\tv-shows\\src\\service\\service.js","statementMap":{"0":{"start":{"line":3,"column":16},"end":{"line":3,"column":39}},"1":{"start":{"line":6,"column":2},"end":{"line":6,"column":39}},"2":{"start":{"line":10,"column":2},"end":{"line":10,"column":45}},"3":{"start":{"line":14,"column":2},"end":{"line":14,"column":63}},"4":{"start":{"line":18,"column":2},"end":{"line":18,"column":50}}},"fnMap":{"0":{"name":"getAllShows","decl":{"start":{"line":5,"column":9},"end":{"line":5,"column":20}},"loc":{"start":{"line":5,"column":23},"end":{"line":7,"column":1}},"line":5},"1":{"name":"getShowDetails","decl":{"start":{"line":9,"column":9},"end":{"line":9,"column":23}},"loc":{"start":{"line":9,"column":28},"end":{"line":11,"column":1}},"line":9},"2":{"name":"getSearchResult","decl":{"start":{"line":13,"column":9},"end":{"line":13,"column":24}},"loc":{"start":{"line":13,"column":38},"end":{"line":15,"column":1}},"line":13},"3":{"name":"getCast","decl":{"start":{"line":17,"column":9},"end":{"line":17,"column":16}},"loc":{"start":{"line":17,"column":21},"end":{"line":19,"column":1}},"line":17}},"branchMap":{},"s":{"0":0,"1":0,"2":0,"3":0,"4":0},"f":{"0":0,"1":0,"2":0,"3":0},"b":{},"hash":"c00ba7c36b19dcd8e9d9d836bb15980f70192f34"}
,"C:\\Users\\surmaity\\VueProject\\tv-shows\\src\\store\\actions.js": {"path":"C:\\Users\\surmaity\\VueProject\\tv-shows\\src\\store\\actions.js","statementMap":{"0":{"start":{"line":5,"column":4},"end":{"line":12,"column":5}},"1":{"start":{"line":6,"column":23},"end":{"line":6,"column":42}},"2":{"start":{"line":7,"column":23},"end":{"line":7,"column":36}},"3":{"start":{"line":8,"column":6},"end":{"line":8,"column":46}},"4":{"start":{"line":10,"column":18},"end":{"line":10,"column":42}},"5":{"start":{"line":11,"column":6},"end":{"line":11,"column":16}},"6":{"start":{"line":15,"column":4},"end":{"line":22,"column":5}},"7":{"start":{"line":16,"column":23},"end":{"line":16,"column":47}},"8":{"start":{"line":17,"column":26},"end":{"line":17,"column":39}},"9":{"start":{"line":18,"column":6},"end":{"line":18,"column":52}},"10":{"start":{"line":20,"column":18},"end":{"line":20,"column":42}},"11":{"start":{"line":21,"column":6},"end":{"line":21,"column":16}},"12":{"start":{"line":25,"column":4},"end":{"line":32,"column":5}},"13":{"start":{"line":26,"column":23},"end":{"line":26,"column":57}},"14":{"start":{"line":27,"column":27},"end":{"line":27,"column":40}},"15":{"start":{"line":28,"column":6},"end":{"line":28,"column":54}},"16":{"start":{"line":30,"column":18},"end":{"line":30,"column":42}},"17":{"start":{"line":31,"column":6},"end":{"line":31,"column":16}},"18":{"start":{"line":35,"column":4},"end":{"line":42,"column":5}},"19":{"start":{"line":36,"column":23},"end":{"line":36,"column":40}},"20":{"start":{"line":37,"column":19},"end":{"line":37,"column":32}},"21":{"start":{"line":38,"column":6},"end":{"line":38,"column":38}},"22":{"start":{"line":40,"column":18},"end":{"line":40,"column":42}},"23":{"start":{"line":41,"column":6},"end":{"line":41,"column":16}}},"fnMap":{"0":{"name":"(anonymous_0)","decl":{"start":{"line":4,"column":2},"end":{"line":4,"column":3}},"loc":{"start":{"line":4,"column":29},"end":{"line":13,"column":3}},"line":4},"1":{"name":"(anonymous_1)","decl":{"start":{"line":14,"column":2},"end":{"line":14,"column":3}},"loc":{"start":{"line":14,"column":36},"end":{"line":23,"column":3}},"line":14},"2":{"name":"(anonymous_2)","decl":{"start":{"line":24,"column":2},"end":{"line":24,"column":3}},"loc":{"start":{"line":24,"column":46},"end":{"line":33,"column":3}},"line":24},"3":{"name":"(anonymous_3)","decl":{"start":{"line":34,"column":2},"end":{"line":34,"column":3}},"loc":{"start":{"line":34,"column":29},"end":{"line":43,"column":3}},"line":34}},"branchMap":{},"s":{"0":0,"1":0,"2":0,"3":0,"4":0,"5":0,"6":0,"7":0,"8":0,"9":0,"10":0,"11":0,"12":0,"13":0,"14":0,"15":0,"16":0,"17":0,"18":0,"19":0,"20":0,"21":0,"22":0,"23":0},"f":{"0":0,"1":0,"2":0,"3":0},"b":{},"hash":"e52ddd1aa509ccb61a5805d98c9b6c1f2049f725"}
,"C:\\Users\\surmaity\\VueProject\\tv-shows\\src\\store\\getters.js": {"path":"C:\\Users\\surmaity\\VueProject\\tv-shows\\src\\store\\getters.js","statementMap":{"0":{"start":{"line":3,"column":23},"end":{"line":3,"column":25}},"1":{"start":{"line":4,"column":26},"end":{"line":4,"column":40}},"2":{"start":{"line":5,"column":4},"end":{"line":15,"column":7}},"3":{"start":{"line":6,"column":24},"end":{"line":6,"column":50}},"4":{"start":{"line":7,"column":24},"end":{"line":7,"column":50}},"5":{"start":{"line":8,"column":6},"end":{"line":10,"column":7}},"6":{"start":{"line":9,"column":8},"end":{"line":9,"column":18}},"7":{"start":{"line":11,"column":6},"end":{"line":13,"column":7}},"8":{"start":{"line":12,"column":8},"end":{"line":12,"column":17}},"9":{"start":{"line":14,"column":6},"end":{"line":14,"column":15}},"10":{"start":{"line":16,"column":4},"end":{"line":18,"column":5}},"11":{"start":{"line":16,"column":21},"end":{"line":16,"column":22}},"12":{"start":{"line":17,"column":6},"end":{"line":17,"column":39}},"13":{"start":{"line":19,"column":4},"end":{"line":19,"column":22}},"14":{"start":{"line":22,"column":26},"end":{"line":22,"column":28}},"15":{"start":{"line":23,"column":24},"end":{"line":23,"column":26}},"16":{"start":{"line":24,"column":26},"end":{"line":24,"column":28}},"17":{"start":{"line":25,"column":24},"end":{"line":25,"column":26}},"18":{"start":{"line":26,"column":23},"end":{"line":26,"column":25}},"19":{"start":{"line":27,"column":4},"end":{"line":43,"column":7}},"20":{"start":{"line":28,"column":6},"end":{"line":42,"column":9}},"21":{"start":{"line":29,"column":8},"end":{"line":41,"column":9}},"22":{"start":{"line":30,"column":10},"end":{"line":30,"column":33}},"23":{"start":{"line":31,"column":10},"end":{"line":31,"column":46}},"24":{"start":{"line":32,"column":15},"end":{"line":41,"column":9}},"25":{"start":{"line":33,"column":10},"end":{"line":33,"column":35}},"26":{"start":{"line":34,"column":10},"end":{"line":34,"column":48}},"27":{"start":{"line":35,"column":15},"end":{"line":41,"column":9}},"28":{"start":{"line":36,"column":10},"end":{"line":36,"column":33}},"29":{"start":{"line":37,"column":10},"end":{"line":37,"column":46}},"30":{"start":{"line":38,"column":15},"end":{"line":41,"column":9}},"31":{"start":{"line":39,"column":10},"end":{"line":39,"column":32}},"32":{"start":{"line":40,"column":10},"end":{"line":40,"column":45}},"33":{"start":{"line":44,"column":4},"end":{"line":44,"column":25}}},"fnMap":{"0":{"name":"(anonymous_0)","decl":{"start":{"line":2,"column":2},"end":{"line":2,"column":3}},"loc":{"start":{"line":2,"column":23},"end":{"line":20,"column":3}},"line":2},"1":{"name":"(anonymous_1)","decl":{"start":{"line":5,"column":18},"end":{"line":5,"column":19}},"loc":{"start":{"line":5,"column":34},"end":{"line":15,"column":5}},"line":5},"2":{"name":"(anonymous_2)","decl":{"start":{"line":21,"column":2},"end":{"line":21,"column":3}},"loc":{"start":{"line":21,"column":26},"end":{"line":45,"column":3}},"line":21},"3":{"name":"(anonymous_3)","decl":{"start":{"line":27,"column":27},"end":{"line":27,"column":28}},"loc":{"start":{"line":27,"column":37},"end":{"line":43,"column":5}},"line":27},"4":{"name":"(anonymous_4)","decl":{"start":{"line":28,"column":26},"end":{"line":28,"column":27}},"loc":{"start":{"line":28,"column":38},"end":{"line":42,"column":7}},"line":28}},"branchMap":{"0":{"loc":{"start":{"line":8,"column":6},"end":{"line":10,"column":7}},"type":"if","locations":[{"start":{"line":8,"column":6},"end":{"line":10,"column":7}},{"start":{"line":8,"column":6},"end":{"line":10,"column":7}}],"line":8},"1":{"loc":{"start":{"line":11,"column":6},"end":{"line":13,"column":7}},"type":"if","locations":[{"start":{"line":11,"column":6},"end":{"line":13,"column":7}},{"start":{"line":11,"column":6},"end":{"line":13,"column":7}}],"line":11},"2":{"loc":{"start":{"line":29,"column":8},"end":{"line":41,"column":9}},"type":"if","locations":[{"start":{"line":29,"column":8},"end":{"line":41,"column":9}},{"start":{"line":29,"column":8},"end":{"line":41,"column":9}}],"line":29},"3":{"loc":{"start":{"line":32,"column":15},"end":{"line":41,"column":9}},"type":"if","locations":[{"start":{"line":32,"column":15},"end":{"line":41,"column":9}},{"start":{"line":32,"column":15},"end":{"line":41,"column":9}}],"line":32},"4":{"loc":{"start":{"line":35,"column":15},"end":{"line":41,"column":9}},"type":"if","locations":[{"start":{"line":35,"column":15},"end":{"line":41,"column":9}},{"start":{"line":35,"column":15},"end":{"line":41,"column":9}}],"line":35},"5":{"loc":{"start":{"line":38,"column":15},"end":{"line":41,"column":9}},"type":"if","locations":[{"start":{"line":38,"column":15},"end":{"line":41,"column":9}},{"start":{"line":38,"column":15},"end":{"line":41,"column":9}}],"line":38}},"s":{"0":0,"1":0,"2":0,"3":0,"4":0,"5":0,"6":0,"7":0,"8":0,"9":0,"10":0,"11":0,"12":0,"13":0,"14":0,"15":0,"16":0,"17":0,"18":0,"19":0,"20":0,"21":0,"22":0,"23":0,"24":0,"25":0,"26":0,"27":0,"28":0,"29":0,"30":0,"31":0,"32":0,"33":0},"f":{"0":0,"1":0,"2":0,"3":0,"4":0},"b":{"0":[0,0],"1":[0,0],"2":[0,0],"3":[0,0],"4":[0,0],"5":[0,0]},"hash":"b6fda733a532ebcffe5cfcbd2d5d80a67e5b44a5"}
,"C:\\Users\\surmaity\\VueProject\\tv-shows\\src\\store\\index.js": {"path":"C:\\Users\\surmaity\\VueProject\\tv-shows\\src\\store\\index.js","statementMap":{"0":{"start":{"line":7,"column":0},"end":{"line":7,"column":13}}},"fnMap":{},"branchMap":{},"s":{"0":0},"f":{},"b":{},"hash":"656a942246a10bac608ccf3cd93634e762d00bf7"}
,"C:\\Users\\surmaity\\VueProject\\tv-shows\\src\\store\\mutations.js": {"path":"C:\\Users\\surmaity\\VueProject\\tv-shows\\src\\store\\mutations.js","statementMap":{"0":{"start":{"line":3,"column":4},"end":{"line":3,"column":29}},"1":{"start":{"line":6,"column":4},"end":{"line":6,"column":32}},"2":{"start":{"line":9,"column":4},"end":{"line":9,"column":33}},"3":{"start":{"line":12,"column":4},"end":{"line":12,"column":25}}},"fnMap":{"0":{"name":"(anonymous_0)","decl":{"start":{"line":2,"column":2},"end":{"line":2,"column":3}},"loc":{"start":{"line":2,"column":30},"end":{"line":4,"column":3}},"line":2},"1":{"name":"(anonymous_1)","decl":{"start":{"line":5,"column":2},"end":{"line":5,"column":3}},"loc":{"start":{"line":5,"column":33},"end":{"line":7,"column":3}},"line":5},"2":{"name":"(anonymous_2)","decl":{"start":{"line":8,"column":2},"end":{"line":8,"column":3}},"loc":{"start":{"line":8,"column":34},"end":{"line":10,"column":3}},"line":8},"3":{"name":"(anonymous_3)","decl":{"start":{"line":11,"column":2},"end":{"line":11,"column":3}},"loc":{"start":{"line":11,"column":26},"end":{"line":13,"column":3}},"line":11}},"branchMap":{},"s":{"0":0,"1":0,"2":0,"3":0},"f":{"0":0,"1":0,"2":0,"3":0},"b":{},"hash":"9a81c6ba8608ed71c454388b483518d88cd23d40"}
,"C:\\Users\\surmaity\\VueProject\\tv-shows\\src\\views\\Home.vue": {"path":"C:\\Users\\surmaity\\VueProject\\tv-shows\\src\\views\\Home.vue","statementMap":{"0":{"start":{"line":37,"column":0},"end":{"line":37,"column":null}},"1":{"start":{"line":38,"column":0},"end":{"line":38,"column":null}},"2":{"start":{"line":39,"column":0},"end":{"line":39,"column":null}},"3":{"start":{"line":48,"column":0},"end":{"line":48,"column":null}},"4":{"start":{"line":54,"column":0},"end":{"line":54,"column":null}},"5":{"start":{"line":61,"column":0},"end":{"line":61,"column":null}},"6":{"start":{"line":62,"column":0},"end":{"line":66,"column":null}},"7":{"start":{"line":63,"column":0},"end":{"line":63,"column":null}},"8":{"start":{"line":65,"column":0},"end":{"line":65,"column":null}},"9":{"start":{"line":67,"column":0},"end":{"line":67,"column":null}}},"fnMap":{"0":{"name":"(anonymous_1)","decl":{"start":{"line":47,"column":0},"end":{"line":47,"column":null}},"loc":{"start":{"line":47,"column":0},"end":{"line":52,"column":null}}},"1":{"name":"(anonymous_2)","decl":{"start":{"line":53,"column":0},"end":{"line":53,"column":null}},"loc":{"start":{"line":53,"column":0},"end":{"line":55,"column":null}}},"2":{"name":"(anonymous_3)","decl":{"start":{"line":60,"column":0},"end":{"line":60,"column":null}},"loc":{"start":{"line":60,"column":0},"end":{"line":68,"column":null}}}},"branchMap":{},"s":{"0":2,"1":2,"2":2,"3":0,"4":0,"5":0,"6":0,"7":0,"8":0,"9":0},"f":{"0":0,"1":0,"2":0},"b":{}}
,"C:\\Users\\surmaity\\VueProject\\tv-shows\\src\\views\\PageNotFound.vue": {"path":"C:\\Users\\surmaity\\VueProject\\tv-shows\\src\\views\\PageNotFound.vue","statementMap":{"0":{"start":{"line":16,"column":0},"end":{"line":16,"column":null}}},"fnMap":{"0":{"name":"(anonymous_1)","decl":{"start":{"line":15,"column":0},"end":{"line":15,"column":null}},"loc":{"start":{"line":15,"column":0},"end":{"line":17,"column":null}}}},"branchMap":{},"s":{"0":0},"f":{"0":0},"b":{}}
,"C:\\Users\\surmaity\\VueProject\\tv-shows\\src\\views\\Search.vue": {"path":"C:\\Users\\surmaity\\VueProject\\tv-shows\\src\\views\\Search.vue","statementMap":{"0":{"start":{"line":32,"column":0},"end":{"line":32,"column":null}},"1":{"start":{"line":33,"column":0},"end":{"line":33,"column":null}},"2":{"start":{"line":34,"column":0},"end":{"line":34,"column":null}},"3":{"start":{"line":43,"column":0},"end":{"line":43,"column":null}},"4":{"start":{"line":55,"column":0},"end":{"line":65,"column":null}},"5":{"start":{"line":56,"column":0},"end":{"line":56,"column":null}},"6":{"start":{"line":57,"column":0},"end":{"line":61,"column":null}},"7":{"start":{"line":58,"column":0},"end":{"line":58,"column":null}},"8":{"start":{"line":60,"column":0},"end":{"line":60,"column":null}},"9":{"start":{"line":62,"column":0},"end":{"line":62,"column":null}},"10":{"start":{"line":63,"column":0},"end":{"line":63,"column":null}},"11":{"start":{"line":64,"column":0},"end":{"line":64,"column":null}}},"fnMap":{"0":{"name":"(anonymous_1)","decl":{"start":{"line":42,"column":0},"end":{"line":42,"column":null}},"loc":{"start":{"line":42,"column":0},"end":{"line":49,"column":null}}},"1":{"name":"(anonymous_2)","decl":{"start":{"line":54,"column":0},"end":{"line":54,"column":null}},"loc":{"start":{"line":54,"column":0},"end":{"line":66,"column":null}}}},"branchMap":{"0":{"loc":{"start":{"line":55,"column":0},"end":{"line":65,"column":null}},"type":"if","locations":[{"start":{"line":55,"column":0},"end":{"line":65,"column":null}},{"start":{"line":55,"column":0},"end":{"line":65,"column":null}}]}},"s":{"0":2,"1":2,"2":2,"3":0,"4":0,"5":0,"6":0,"7":0,"8":0,"9":0,"10":0,"11":0},"f":{"0":0,"1":0},"b":{"0":[0,0]}}
,"C:\\Users\\surmaity\\VueProject\\tv-shows\\src\\views\\ShowDetails.vue": {"path":"C:\\Users\\surmaity\\VueProject\\tv-shows\\src\\views\\ShowDetails.vue","statementMap":{"0":{"start":{"line":43,"column":0},"end":{"line":43,"column":null}},"1":{"start":{"line":44,"column":0},"end":{"line":44,"column":null}},"2":{"start":{"line":52,"column":0},"end":{"line":52,"column":null}},"3":{"start":{"line":58,"column":0},"end":{"line":58,"column":null}},"4":{"start":{"line":59,"column":0},"end":{"line":59,"column":null}},"5":{"start":{"line":64,"column":0},"end":{"line":64,"column":null}},"6":{"start":{"line":65,"column":0},"end":{"line":65,"column":null}},"7":{"start":{"line":68,"column":0},"end":{"line":70,"column":null}},"8":{"start":{"line":69,"column":0},"end":{"line":69,"column":null}},"9":{"start":{"line":71,"column":0},"end":{"line":71,"column":null}},"10":{"start":{"line":76,"column":0},"end":{"line":76,"column":null}},"11":{"start":{"line":77,"column":0},"end":{"line":81,"column":null}},"12":{"start":{"line":78,"column":0},"end":{"line":78,"column":null}},"13":{"start":{"line":80,"column":0},"end":{"line":80,"column":null}},"14":{"start":{"line":82,"column":0},"end":{"line":82,"column":null}},"15":{"start":{"line":85,"column":0},"end":{"line":85,"column":null}},"16":{"start":{"line":86,"column":0},"end":{"line":90,"column":null}},"17":{"start":{"line":87,"column":0},"end":{"line":87,"column":null}},"18":{"start":{"line":89,"column":0},"end":{"line":89,"column":null}},"19":{"start":{"line":91,"column":0},"end":{"line":91,"column":null}},"20":{"start":{"line":94,"column":0},"end":{"line":96,"column":null}},"21":{"start":{"line":95,"column":0},"end":{"line":95,"column":null}},"22":{"start":{"line":97,"column":0},"end":{"line":97,"column":null}}},"fnMap":{"0":{"name":"(anonymous_1)","decl":{"start":{"line":51,"column":0},"end":{"line":51,"column":null}},"loc":{"start":{"line":51,"column":0},"end":{"line":56,"column":null}}},"1":{"name":"(anonymous_2)","decl":{"start":{"line":57,"column":0},"end":{"line":57,"column":null}},"loc":{"start":{"line":57,"column":0},"end":{"line":60,"column":null}}},"2":{"name":"(anonymous_3)","decl":{"start":{"line":63,"column":0},"end":{"line":63,"column":null}},"loc":{"start":{"line":63,"column":0},"end":{"line":66,"column":null}}},"3":{"name":"(anonymous_4)","decl":{"start":{"line":67,"column":0},"end":{"line":67,"column":null}},"loc":{"start":{"line":67,"column":0},"end":{"line":72,"column":null}}},"4":{"name":"(anonymous_5)","decl":{"start":{"line":75,"column":0},"end":{"line":75,"column":null}},"loc":{"start":{"line":75,"column":0},"end":{"line":83,"column":null}}},"5":{"name":"(anonymous_6)","decl":{"start":{"line":84,"column":0},"end":{"line":84,"column":null}},"loc":{"start":{"line":84,"column":0},"end":{"line":92,"column":null}}},"6":{"name":"(anonymous_7)","decl":{"start":{"line":93,"column":0},"end":{"line":93,"column":null}},"loc":{"start":{"line":93,"column":0},"end":{"line":98,"column":null}}}},"branchMap":{"0":{"loc":{"start":{"line":68,"column":0},"end":{"line":70,"column":null}},"type":"if","locations":[{"start":{"line":68,"column":0},"end":{"line":70,"column":null}},{"start":{"line":68,"column":0},"end":{"line":70,"column":null}}]},"1":{"loc":{"start":{"line":94,"column":0},"end":{"line":96,"column":null}},"type":"if","locations":[{"start":{"line":94,"column":0},"end":{"line":96,"column":null}},{"start":{"line":94,"column":0},"end":{"line":96,"column":null}}]}},"s":{"0":2,"1":2,"2":0,"3":0,"4":0,"5":0,"6":0,"7":0,"8":0,"9":0,"10":0,"11":0,"12":0,"13":0,"14":0,"15":0,"16":0,"17":0,"18":0,"19":0,"20":0,"21":0,"22":0},"f":{"0":0,"1":0,"2":0,"3":0,"4":0,"5":0,"6":0},"b":{"0":[0,0],"1":[0,0]}}
}
