TN:
SF:C:\Users\surmaity\VueProject\tv-shows\src\App.vue
FNF:0
FNH:0
DA:10,1
DA:11,1
LF:2
LH:2
BRF:0
BRH:0
end_of_record
TN:
SF:C:\Users\surmaity\VueProject\tv-shows\src\components\ErrorPage.vue
FN:12,(anonymous_1)
FNF:1
FNH:1
FNDA:1,(anonymous_1)
DA:13,1
LF:1
LH:1
BRF:0
BRH:0
end_of_record
TN:
SF:C:\Users\surmaity\VueProject\tv-shows\src\components\ShowCard.vue
FN:16,(anonymous_1)
FN:20,(anonymous_2)
FNF:2
FNH:2
FNDA:5,(anonymous_1)
FNDA:5,(anonymous_2)
DA:17,5
DA:18,5
DA:21,5
DA:22,4
DA:24,1
LF:5
LH:5
BRDA:21,0,0,4
BRDA:21,0,1,1
BRF:2
BRH:2
end_of_record
TN:
SF:C:\Users\surmaity\VueProject\tv-shows\src\router\index.js
FNF:0
FNH:0
DA:9,2
DA:11,2
DA:39,2
LF:3
LH:3
BRF:0
BRH:0
end_of_record
TN:
SF:C:\Users\surmaity\VueProject\tv-shows\src\service\service.js
FN:5,getAllShowsService
FN:9,getShowDetailsService
FN:13,getSearchResultService
FN:17,getCastService
FNF:4
FNH:4
FNDA:1,getAllShowsService
FNDA:1,getShowDetailsService
FNDA:1,getSearchResultService
FNDA:1,getCastService
DA:3,1
DA:6,1
DA:10,1
DA:14,1
DA:18,1
LF:5
LH:5
BRF:0
BRH:0
end_of_record
TN:
SF:C:\Users\surmaity\VueProject\tv-shows\src\store\actions.js
FN:4,(anonymous_0)
FN:14,(anonymous_1)
FN:24,(anonymous_2)
FN:34,(anonymous_3)
FNF:4
FNH:4
FNDA:2,(anonymous_0)
FNDA:2,(anonymous_1)
FNDA:2,(anonymous_2)
FNDA:2,(anonymous_3)
DA:5,2
DA:6,2
DA:7,1
DA:8,1
DA:10,1
DA:11,1
DA:15,2
DA:16,2
DA:17,1
DA:18,1
DA:20,1
DA:21,1
DA:25,2
DA:26,2
DA:27,1
DA:28,1
DA:30,1
DA:31,1
DA:35,2
DA:36,2
DA:37,1
DA:38,1
DA:40,1
DA:41,1
LF:24
LH:24
BRF:0
BRH:0
end_of_record
TN:
SF:C:\Users\surmaity\VueProject\tv-shows\src\store\getters.js
FN:2,(anonymous_0)
FN:5,(anonymous_1)
FN:21,(anonymous_2)
FN:27,(anonymous_3)
FN:28,(anonymous_4)
FNF:5
FNH:5
FNDA:1,(anonymous_0)
FNDA:81,(anonymous_1)
FNDA:1,(anonymous_2)
FNDA:22,(anonymous_3)
FNDA:44,(anonymous_4)
DA:3,1
DA:4,1
DA:5,1
DA:6,81
DA:7,81
DA:8,81
DA:9,26
DA:11,55
DA:12,51
DA:14,4
DA:16,1
DA:17,20
DA:19,1
DA:22,1
DA:23,1
DA:24,1
DA:25,1
DA:26,1
DA:27,1
DA:28,22
DA:29,44
DA:30,10
DA:31,10
DA:32,34
DA:33,13
DA:34,13
DA:35,21
DA:36,9
DA:37,9
DA:38,12
DA:39,12
DA:40,12
DA:44,1
LF:33
LH:33
BRDA:8,0,0,26
BRDA:8,0,1,55
BRDA:11,1,0,51
BRDA:11,1,1,4
BRDA:29,2,0,10
BRDA:29,2,1,34
BRDA:32,3,0,13
BRDA:32,3,1,21
BRDA:35,4,0,9
BRDA:35,4,1,12
BRDA:38,5,0,12
BRDA:38,5,1,0
BRF:12
BRH:11
end_of_record
TN:
SF:C:\Users\surmaity\VueProject\tv-shows\src\store\index.js
FNF:0
FNH:0
DA:7,0
LF:1
LH:0
BRF:0
BRH:0
end_of_record
TN:
SF:C:\Users\surmaity\VueProject\tv-shows\src\store\mutations.js
FN:2,(anonymous_0)
FN:5,(anonymous_1)
FN:8,(anonymous_2)
FN:11,(anonymous_3)
FNF:4
FNH:4
FNDA:1,(anonymous_0)
FNDA:1,(anonymous_1)
FNDA:1,(anonymous_2)
FNDA:1,(anonymous_3)
DA:3,1
DA:6,1
DA:9,1
DA:12,1
LF:4
LH:4
BRF:0
BRH:0
end_of_record
TN:
SF:C:\Users\surmaity\VueProject\tv-shows\src\views\Home.vue
FN:47,(anonymous_1)
FN:53,(anonymous_2)
FN:60,(anonymous_3)
FNF:3
FNH:0
FNDA:0,(anonymous_1)
FNDA:0,(anonymous_2)
FNDA:0,(anonymous_3)
DA:37,2
DA:38,2
DA:39,2
DA:48,0
DA:54,0
DA:61,0
DA:62,0
DA:63,0
DA:65,0
DA:67,0
LF:10
LH:3
BRF:0
BRH:0
end_of_record
TN:
SF:C:\Users\surmaity\VueProject\tv-shows\src\views\PageNotFound.vue
FN:15,(anonymous_1)
FNF:1
FNH:0
FNDA:0,(anonymous_1)
DA:16,0
LF:1
LH:0
BRF:0
BRH:0
end_of_record
TN:
SF:C:\Users\surmaity\VueProject\tv-shows\src\views\Search.vue
FN:42,(anonymous_1)
FN:54,(anonymous_2)
FNF:2
FNH:0
FNDA:0,(anonymous_1)
FNDA:0,(anonymous_2)
DA:32,2
DA:33,2
DA:34,2
DA:43,0
DA:55,0
DA:56,0
DA:57,0
DA:58,0
DA:60,0
DA:62,0
DA:63,0
DA:64,0
LF:12
LH:3
BRDA:55,0,0,0
BRDA:55,0,1,0
BRF:2
BRH:0
end_of_record
TN:
SF:C:\Users\surmaity\VueProject\tv-shows\src\views\ShowDetails.vue
FN:51,(anonymous_1)
FN:57,(anonymous_2)
FN:63,(anonymous_3)
FN:67,(anonymous_4)
FN:75,(anonymous_5)
FN:84,(anonymous_6)
FN:93,(anonymous_7)
FNF:7
FNH:0
FNDA:0,(anonymous_1)
FNDA:0,(anonymous_2)
FNDA:0,(anonymous_3)
FNDA:0,(anonymous_4)
FNDA:0,(anonymous_5)
FNDA:0,(anonymous_6)
FNDA:0,(anonymous_7)
DA:43,2
DA:44,2
DA:52,0
DA:58,0
DA:59,0
DA:64,0
DA:65,0
DA:68,0
DA:69,0
DA:71,0
DA:76,0
DA:77,0
DA:78,0
DA:80,0
DA:82,0
DA:85,0
DA:86,0
DA:87,0
DA:89,0
DA:91,0
DA:94,0
DA:95,0
DA:97,0
LF:23
LH:2
BRDA:68,0,0,0
BRDA:68,0,1,0
BRDA:94,1,0,0
BRDA:94,1,1,0
BRF:4
BRH:0
end_of_record
