TN:
SF:C:\Users\surmaity\VueProject\tv-shows\src\App.vue
FNF:0
FNH:0
DA:10,1
DA:11,1
LF:2
LH:2
BRF:0
BRH:0
end_of_record
TN:
SF:C:\Users\surmaity\VueProject\tv-shows\src\components\AppHeader.vue
FN:22,(anonymous_1)
FN:29,(anonymous_2)
FNF:2
FNH:2
FNDA:4,(anonymous_1)
FNDA:2,(anonymous_2)
DA:18,2
DA:23,4
DA:30,2
DA:32,2
DA:33,2
DA:34,2
DA:36,1
DA:38,2
LF:8
LH:8
BRDA:30,0,0,2
BRDA:30,0,1,0
BRDA:34,1,0,1
BRDA:34,1,1,1
BRF:4
BRH:3
end_of_record
TN:
SF:C:\Users\surmaity\VueProject\tv-shows\src\components\ErrorPage.vue
FN:12,(anonymous_1)
FNF:1
FNH:1
FNDA:1,(anonymous_1)
DA:13,1
LF:1
LH:1
BRF:0
BRH:0
end_of_record
TN:
SF:C:\Users\surmaity\VueProject\tv-shows\src\components\ShowCard.vue
FN:21,(anonymous_1)
FN:25,(anonymous_2)
FNF:2
FNH:2
FNDA:7,(anonymous_1)
FNDA:7,(anonymous_2)
DA:22,7
DA:23,7
DA:26,7
DA:27,6
DA:29,1
LF:5
LH:5
BRDA:26,0,0,6
BRDA:26,0,1,1
BRF:2
BRH:2
end_of_record
TN:
SF:C:\Users\surmaity\VueProject\tv-shows\src\router\index.js
FN:36,(anonymous_0)
FNF:1
FNH:0
FNDA:0,(anonymous_0)
DA:8,3
DA:10,3
DA:33,3
DA:37,0
LF:4
LH:3
BRF:0
BRH:0
end_of_record
TN:
SF:C:\Users\surmaity\VueProject\tv-shows\src\service\tvApi.service.js
FN:5,getAllShowsService
FN:9,getShowDetailsService
FN:13,getSearchResultService
FN:17,getCastService
FNF:4
FNH:4
FNDA:1,getAllShowsService
FNDA:1,getShowDetailsService
FNDA:1,getSearchResultService
FNDA:1,getCastService
DA:3,2
DA:6,1
DA:10,1
DA:14,1
DA:18,1
LF:5
LH:5
BRF:0
BRH:0
end_of_record
TN:
SF:C:\Users\surmaity\VueProject\tv-shows\src\store\actions.js
FN:4,(anonymous_0)
FN:14,(anonymous_1)
FN:24,(anonymous_2)
FN:34,(anonymous_3)
FN:44,(anonymous_4)
FN:47,(anonymous_5)
FN:50,(anonymous_6)
FNF:7
FNH:7
FNDA:2,(anonymous_0)
FNDA:2,(anonymous_1)
FNDA:2,(anonymous_2)
FNDA:2,(anonymous_3)
FNDA:1,(anonymous_4)
FNDA:1,(anonymous_5)
FNDA:1,(anonymous_6)
DA:5,2
DA:6,2
DA:7,1
DA:8,1
DA:10,1
DA:11,1
DA:15,2
DA:16,2
DA:17,1
DA:18,1
DA:20,1
DA:21,1
DA:25,2
DA:26,2
DA:27,1
DA:28,1
DA:30,1
DA:31,1
DA:35,2
DA:36,2
DA:37,1
DA:38,1
DA:40,1
DA:41,1
DA:45,1
DA:48,1
DA:51,1
LF:27
LH:27
BRF:0
BRH:0
end_of_record
TN:
SF:C:\Users\surmaity\VueProject\tv-shows\src\store\getters.js
FN:2,(anonymous_0)
FN:4,(anonymous_1)
FN:11,(anonymous_2)
FN:12,(anonymous_3)
FNF:4
FNH:4
FNDA:1,(anonymous_0)
FNDA:81,(anonymous_1)
FNDA:1,(anonymous_2)
FNDA:22,(anonymous_3)
DA:3,1
DA:4,1
DA:5,81
DA:6,81
DA:7,81
DA:9,1
DA:12,22
LF:7
LH:7
BRF:0
BRH:0
end_of_record
TN:
SF:C:\Users\surmaity\VueProject\tv-shows\src\store\index.js
FNF:0
FNH:0
DA:7,0
LF:1
LH:0
BRF:0
BRH:0
end_of_record
TN:
SF:C:\Users\surmaity\VueProject\tv-shows\src\store\mutations.js
FN:2,(anonymous_0)
FN:5,(anonymous_1)
FN:8,(anonymous_2)
FN:11,(anonymous_3)
FN:14,(anonymous_4)
FN:17,(anonymous_5)
FN:20,(anonymous_6)
FNF:7
FNH:7
FNDA:1,(anonymous_0)
FNDA:1,(anonymous_1)
FNDA:1,(anonymous_2)
FNDA:1,(anonymous_3)
FNDA:1,(anonymous_4)
FNDA:1,(anonymous_5)
FNDA:1,(anonymous_6)
DA:3,1
DA:6,1
DA:9,1
DA:12,1
DA:15,1
DA:18,1
DA:21,1
LF:7
LH:7
BRF:0
BRH:0
end_of_record
TN:
SF:C:\Users\surmaity\VueProject\tv-shows\src\views\Home.vue
FN:50,(anonymous_1)
FN:57,(anonymous_2)
FN:64,(anonymous_3)
FN:66,(anonymous_4)
FN:67,(anonymous_5)
FN:76,(anonymous_6)
FN:87,(anonymous_7)
FNF:7
FNH:7
FNDA:5,(anonymous_1)
FNDA:5,(anonymous_2)
FNDA:5,(anonymous_3)
FNDA:110,(anonymous_4)
FNDA:220,(anonymous_5)
FNDA:6,(anonymous_6)
FNDA:1,(anonymous_7)
DA:40,4
DA:41,4
DA:42,4
DA:51,5
DA:58,5
DA:59,5
DA:65,5
DA:66,5
DA:67,110
DA:68,220
DA:71,5
DA:77,6
DA:78,6
DA:79,6
DA:81,0
DA:83,6
DA:88,1
LF:17
LH:16
BRF:0
BRH:0
end_of_record
TN:
SF:C:\Users\surmaity\VueProject\tv-shows\src\views\PageNotFound.vue
FN:15,(anonymous_1)
FNF:1
FNH:1
FNDA:1,(anonymous_1)
DA:16,1
LF:1
LH:1
BRF:0
BRH:0
end_of_record
TN:
SF:C:\Users\surmaity\VueProject\tv-shows\src\views\Search.vue
FN:36,(anonymous_1)
FN:43,(anonymous_2)
FN:52,(anonymous_3)
FN:55,(anonymous_4)
FN:56,(anonymous_5)
FN:66,(anonymous_6)
FN:80,(anonymous_7)
FNF:7
FNH:6
FNDA:4,(anonymous_1)
FNDA:4,(anonymous_2)
FNDA:4,(anonymous_3)
FNDA:4,(anonymous_4)
FNDA:12,(anonymous_5)
FNDA:4,(anonymous_6)
FNDA:0,(anonymous_7)
DA:26,4
DA:27,4
DA:28,4
DA:37,4
DA:44,4
DA:45,4
DA:47,0
DA:53,4
DA:56,4
DA:57,12
DA:58,8
DA:60,4
DA:67,4
DA:68,4
DA:69,4
DA:70,4
DA:72,0
DA:74,4
DA:75,4
DA:81,0
LF:20
LH:17
BRDA:44,0,0,4
BRDA:44,0,1,0
BRDA:57,1,0,8
BRDA:57,1,1,4
BRDA:67,2,0,4
BRDA:67,2,1,0
BRF:6
BRH:4
end_of_record
TN:
SF:C:\Users\surmaity\VueProject\tv-shows\src\views\ShowDetails.vue
FN:53,(anonymous_1)
FN:59,(anonymous_2)
FN:65,(anonymous_3)
FN:71,(anonymous_4)
FN:77,(anonymous_5)
FN:78,(anonymous_6)
FN:88,(anonymous_7)
FN:96,(anonymous_8)
FN:104,(anonymous_9)
FNF:9
FNH:9
FNDA:6,(anonymous_1)
FNDA:6,(anonymous_2)
FNDA:6,(anonymous_3)
FNDA:6,(anonymous_4)
FNDA:6,(anonymous_5)
FNDA:18,(anonymous_6)
FNDA:7,(anonymous_7)
FNDA:7,(anonymous_8)
FNDA:12,(anonymous_9)
DA:45,4
DA:46,4
DA:54,6
DA:60,6
DA:61,6
DA:66,6
DA:67,6
DA:69,0
DA:72,6
DA:73,6
DA:75,0
DA:78,6
DA:79,18
DA:80,12
DA:82,6
DA:89,7
DA:90,7
DA:91,7
DA:93,0
DA:97,7
DA:98,7
DA:100,0
DA:102,7
DA:105,12
DA:106,12
DA:108,0
LF:26
LH:21
BRDA:66,0,0,6
BRDA:66,0,1,0
BRDA:72,1,0,6
BRDA:72,1,1,0
BRDA:79,2,0,12
BRDA:79,2,1,6
BRDA:105,3,0,12
BRDA:105,3,1,0
BRF:8
BRH:5
end_of_record
